Using pre-set license
Built from '2021.3/staging' branch; Version is '2021.3.8f1 (b30333d56e81) revision 11731763'; Using compiler version '192829333'; Build Type 'Release'
OS: 'Windows 11  (10.0.22621) 64bit CoreSingleLanguage' Language: 'en' Physical Memory: 16044 MB
BatchMode: 1, IsHumanControllingUs: 0, StartBugReporterOnCrash: 0, Is64bit: 1, IsPro: 1

COMMAND LINE ARGUMENTS:
E:\Unity\Editor\2021.3.8f1\Editor\Unity.exe
-adb2
-batchMode
-noUpm
-name
AssetImportWorker0
-projectPath
E:/Valoz/Valoz
-logFile
Logs/AssetImportWorker0.log
-srvPort
61309
Successfully changed project path to: E:/Valoz/Valoz
E:/Valoz/Valoz
[UnityMemory] Configuration Parameters - Can be set up in boot.config
    "memorysetup-bucket-allocator-granularity=16"
    "memorysetup-bucket-allocator-bucket-count=8"
    "memorysetup-bucket-allocator-block-size=33554432"
    "memorysetup-bucket-allocator-block-count=8"
    "memorysetup-main-allocator-block-size=16777216"
    "memorysetup-thread-allocator-block-size=16777216"
    "memorysetup-gfx-main-allocator-block-size=16777216"
    "memorysetup-gfx-thread-allocator-block-size=16777216"
    "memorysetup-cache-allocator-block-size=4194304"
    "memorysetup-typetree-allocator-block-size=2097152"
    "memorysetup-profiler-bucket-allocator-granularity=16"
    "memorysetup-profiler-bucket-allocator-bucket-count=8"
    "memorysetup-profiler-bucket-allocator-block-size=33554432"
    "memorysetup-profiler-bucket-allocator-block-count=8"
    "memorysetup-profiler-allocator-block-size=16777216"
    "memorysetup-profiler-editor-allocator-block-size=1048576"
    "memorysetup-temp-allocator-size-main=16777216"
    "memorysetup-job-temp-allocator-block-size=2097152"
    "memorysetup-job-temp-allocator-block-size-background=1048576"
    "memorysetup-job-temp-allocator-reduction-small-platforms=262144"
    "memorysetup-temp-allocator-size-background-worker=32768"
    "memorysetup-temp-allocator-size-job-worker=262144"
    "memorysetup-temp-allocator-size-preload-manager=33554432"
    "memorysetup-temp-allocator-size-nav-mesh-worker=65536"
    "memorysetup-temp-allocator-size-audio-worker=65536"
    "memorysetup-temp-allocator-size-cloud-worker=32768"
    "memorysetup-temp-allocator-size-gi-baking-worker=262144"
    "memorysetup-temp-allocator-size-gfx=262144"
Refreshing native plugins compatible for Editor in 60.56 ms, found 4 plugins.
Preloading 0 native plugins for Editor in 0.00 ms.
Initialize engine version: 2021.3.8f1 (b30333d56e81)
[Subsystems] Discovering subsystems at path E:/Unity/Editor/2021.3.8f1/Editor/Data/Resources/UnitySubsystems
[Subsystems] Discovering subsystems at path E:/Valoz/Valoz/Assets
GfxDevice: creating device client; threaded=0; jobified=0
Direct3D:
    Version:  Direct3D 11.0 [level 11.1]
    Renderer: NVIDIA GeForce RTX 3060 Laptop GPU (ID=0x2520)
    Vendor:   NVIDIA
    VRAM:     6009 MB
    Driver:   31.0.15.3168
Initialize mono
Mono path[0] = 'E:/Unity/Editor/2021.3.8f1/Editor/Data/Managed'
Mono path[1] = 'E:/Unity/Editor/2021.3.8f1/Editor/Data/MonoBleedingEdge/lib/mono/unityjit-win32'
Mono config path = 'E:/Unity/Editor/2021.3.8f1/Editor/Data/MonoBleedingEdge/etc'
Using monoOptions --debugger-agent=transport=dt_socket,embedding=1,server=y,suspend=n,address=127.0.0.1:56772
Begin MonoManager ReloadAssembly
Registering precompiled unity dll's ...
Register platform support module: E:/Unity/Editor/2021.3.8f1/Editor/Data/PlaybackEngines/WebGLSupport/UnityEditor.WebGL.Extensions.dll
Register platform support module: E:/Unity/Editor/2021.3.8f1/Editor/Data/PlaybackEngines/WindowsStandaloneSupport/UnityEditor.WindowsStandalone.Extensions.dll
Registered in 0.001597 seconds.
Native extension for WindowsStandalone target not found
Native extension for WebGL target not found
Refreshing native plugins compatible for Editor in 57.26 ms, found 4 plugins.
Preloading 0 native plugins for Editor in 0.00 ms.
Mono: successfully reloaded assembly
- Completed reload, in  0.408 seconds
Domain Reload Profiling:
	ReloadAssembly (408ms)
		BeginReloadAssembly (45ms)
			ExecutionOrderSort (0ms)
			DisableScriptedObjects (0ms)
			BackupInstance (0ms)
			ReleaseScriptingObjects (0ms)
			CreateAndSetChildDomain (1ms)
		EndReloadAssembly (297ms)
			LoadAssemblies (44ms)
			RebuildTransferFunctionScriptingTraits (0ms)
			SetupTypeCache (69ms)
			ReleaseScriptCaches (0ms)
			RebuildScriptCaches (17ms)
			SetupLoadedEditorAssemblies (179ms)
				LogAssemblyErrors (0ms)
				InitializePlatformSupportModulesInManaged (5ms)
				SetLoadedEditorAssemblies (0ms)
				RefreshPlugins (57ms)
				BeforeProcessingInitializeOnLoad (1ms)
				ProcessInitializeOnLoadAttributes (83ms)
				ProcessInitializeOnLoadMethodAttributes (32ms)
				AfterProcessingInitializeOnLoad (0ms)
				EditorAssembliesLoaded (0ms)
			ExecutionOrderSort2 (0ms)
			AwakeInstancesAfterBackupRestoration (0ms)
Platform modules already initialized, skipping
Registering precompiled user dll's ...
Registered in 0.005226 seconds.
Begin MonoManager ReloadAssembly
Symbol file LoadedFromMemory doesn't match image E:\Valoz\Valoz\Library\PackageCache\com.unity.visualscripting@1.7.8\Editor\VisualScripting.Core\Dependencies\YamlDotNet\Unity.VisualScripting.YamlDotNet.dll
Symbol file LoadedFromMemory doesn't match image E:\Valoz\Valoz\Library\PackageCache\com.unity.visualscripting@1.7.8\Editor\VisualScripting.Core\Dependencies\DotNetZip\Unity.VisualScripting.IonicZip.dll
Native extension for WindowsStandalone target not found
Native extension for WebGL target not found
Refreshing native plugins compatible for Editor in 56.16 ms, found 4 plugins.
Preloading 0 native plugins for Editor in 0.00 ms.
Mono: successfully reloaded assembly
- Completed reload, in  0.728 seconds
Domain Reload Profiling:
	ReloadAssembly (729ms)
		BeginReloadAssembly (71ms)
			ExecutionOrderSort (0ms)
			DisableScriptedObjects (4ms)
			BackupInstance (0ms)
			ReleaseScriptingObjects (0ms)
			CreateAndSetChildDomain (13ms)
		EndReloadAssembly (585ms)
			LoadAssemblies (58ms)
			RebuildTransferFunctionScriptingTraits (0ms)
			SetupTypeCache (157ms)
			ReleaseScriptCaches (0ms)
			RebuildScriptCaches (37ms)
			SetupLoadedEditorAssemblies (301ms)
				LogAssemblyErrors (0ms)
				InitializePlatformSupportModulesInManaged (3ms)
				SetLoadedEditorAssemblies (0ms)
				RefreshPlugins (56ms)
				BeforeProcessingInitializeOnLoad (58ms)
				ProcessInitializeOnLoadAttributes (153ms)
				ProcessInitializeOnLoadMethodAttributes (29ms)
				AfterProcessingInitializeOnLoad (2ms)
				EditorAssembliesLoaded (0ms)
			ExecutionOrderSort2 (0ms)
			AwakeInstancesAfterBackupRestoration (4ms)
Platform modules already initialized, skipping
========================================================================
Worker process is ready to serve import requests
Launched and connected shader compiler UnityShaderCompiler.exe after 0.03 seconds
Refreshing native plugins compatible for Editor in 0.55 ms, found 4 plugins.
Preloading 0 native plugins for Editor in 0.00 ms.
Unloading 4066 Unused Serialized files (Serialized files now loaded: 0)
Unloading 44 unused Assets / (222.5 KB). Loaded Objects now: 4516.
Memory consumption went from 151.3 MB to 151.1 MB.
Total: 2.939100 ms (FindLiveObjects: 0.200600 ms CreateObjectMapping: 0.117100 ms MarkObjects: 2.493300 ms  DeleteObjects: 0.127400 ms)

AssetImportParameters requested are different than current active one (requested -> active):
  custom:video-decoder-ogg-theora: a1e56fd34408186e4bbccfd4996cb3dc -> 
  custom:container-muxer-webm: aa71ff27fc2769a1b78a27578f13a17b -> 
  custom:container-demuxer-webm: 4f35f7cbe854078d1ac9338744f61a02 -> 
  custom:video-encoder-webm-vp8: eb34c28f22e8b96e1ab97ce403110664 -> 
  custom:video-codec-MediaFoundation-h265: 746d11721c4dcdbdad8f713fa42b33f4 -> 
  custom:audio-encoder-webm-vorbis: bf7c407c2cedff20999df2af8eb42d56 -> 
  custom:framework-win-MediaFoundation: 216162199b28c13a410421893ffa2e32 -> 
  custom:container-demuxer-ogg: 62fdf1f143b41e24485cea50d1cbac27 -> 
  custom:video-decoder-webm-vp8: 9c59270c3fd7afecdb556c50c9e8de78 -> 
  custom:audio-decoder-ogg-vorbis: bf7c407c2cedff20999df2af8eb42d56 -> 
========================================================================
Received Import Request.
  Time since last request: 429094.546473 seconds.
  path: Assets
  artifactKey: Guid(00000000000000001000000000000000) Importer(815301076,1909f56bfc062723c751e8b465ee728b)
Start importing Assets using Guid(00000000000000001000000000000000) Importer(815301076,1909f56bfc062723c751e8b465ee728b)  -> (artifact id: '79842766b460edbeab6a34051e857a80') in 0.010002 seconds 
========================================================================
Received Import Request.
  Time since last request: 270.677260 seconds.
  path: Assets/Art
  artifactKey: Guid(989fa1d1f5999264fb94fffaf1a76dcb) Importer(815301076,1909f56bfc062723c751e8b465ee728b)
Start importing Assets/Art using Guid(989fa1d1f5999264fb94fffaf1a76dcb) Importer(815301076,1909f56bfc062723c751e8b465ee728b)  -> (artifact id: 'b77326adb97d9de98cba72de9d99813c') in 0.008065 seconds 
========================================================================
Received Import Request.
  Time since last request: 9.349432 seconds.
  path: Assets/Art/Pixel Crawler - FREE - 1.8
  artifactKey: Guid(1fd52e8cec4185445830634d309ac6d9) Importer(815301076,1909f56bfc062723c751e8b465ee728b)
Start importing Assets/Art/Pixel Crawler - FREE - 1.8 using Guid(1fd52e8cec4185445830634d309ac6d9) Importer(815301076,1909f56bfc062723c751e8b465ee728b)  -> (artifact id: 'fe7583112ba3964b727570a3fc5d6c85') in 0.005851 seconds 
========================================================================
Received Import Request.
  Time since last request: 0.778144 seconds.
  path: Assets/Art/Pixel Crawler - FREE - 1.8/Enemy
  artifactKey: Guid(202e2f570537f474e9158e01c27dc1ac) Importer(815301076,1909f56bfc062723c751e8b465ee728b)
Start importing Assets/Art/Pixel Crawler - FREE - 1.8/Enemy using Guid(202e2f570537f474e9158e01c27dc1ac) Importer(815301076,1909f56bfc062723c751e8b465ee728b)  -> (artifact id: 'dc01152aafcc3eeef58f4b7270c80cac') in 0.007568 seconds 
========================================================================
Received Import Request.
  Time since last request: 1.978104 seconds.
  path: Assets/Art/Pixel Crawler - FREE - 1.8/Environment
  artifactKey: Guid(365a4d520dd7cc24fba92721c287f898) Importer(815301076,1909f56bfc062723c751e8b465ee728b)
Start importing Assets/Art/Pixel Crawler - FREE - 1.8/Environment using Guid(365a4d520dd7cc24fba92721c287f898) Importer(815301076,1909f56bfc062723c751e8b465ee728b)  -> (artifact id: '68b9f8d41ea66d743676656339e62431') in 0.009037 seconds 
========================================================================
Received Import Request.
  Time since last request: 0.646757 seconds.
  path: Assets/Art/Pixel Crawler - FREE - 1.8/Environment/Dungeon Prison
  artifactKey: Guid(fe9bb0d40354e8142b8bdc9c8c88135f) Importer(815301076,1909f56bfc062723c751e8b465ee728b)
Start importing Assets/Art/Pixel Crawler - FREE - 1.8/Environment/Dungeon Prison using Guid(fe9bb0d40354e8142b8bdc9c8c88135f) Importer(815301076,1909f56bfc062723c751e8b465ee728b)  -> (artifact id: '67b72ffa917f56fb3959aad4f9f63d48') in 0.007898 seconds 
========================================================================
Received Import Request.
  Time since last request: 0.405136 seconds.
  path: Assets/Art/Pixel Crawler - FREE - 1.8/Environment/Dungeon Prison/Assets
  artifactKey: Guid(b9261410f9795224f86be655927a720e) Importer(815301076,1909f56bfc062723c751e8b465ee728b)
Start importing Assets/Art/Pixel Crawler - FREE - 1.8/Environment/Dungeon Prison/Assets using Guid(b9261410f9795224f86be655927a720e) Importer(815301076,1909f56bfc062723c751e8b465ee728b)  -> (artifact id: '236ed8d26ae5cbe0209b28bbb207aa05') in 0.007771 seconds 
========================================================================
Received Import Request.
  Time since last request: 0.048242 seconds.
  path: Assets/Art/Pixel Crawler - FREE - 1.8/Environment/Dungeon Prison/Assets/Props.png
  artifactKey: Guid(4dd0fdd1550b467458cbbf2c800debe7) Importer(815301076,1909f56bfc062723c751e8b465ee728b)
Start importing Assets/Art/Pixel Crawler - FREE - 1.8/Environment/Dungeon Prison/Assets/Props.png using Guid(4dd0fdd1550b467458cbbf2c800debe7) Importer(815301076,1909f56bfc062723c751e8b465ee728b)  -> (artifact id: '15668fd36c1304e352f3bc4d84fa5a1e') in 0.100232 seconds 
========================================================================
Received Import Request.
  Time since last request: 121.997745 seconds.
  path: Assets/Art/Guardian
  artifactKey: Guid(a13ff8d4ea10fa7459f75355697fd0fa) Importer(815301076,1909f56bfc062723c751e8b465ee728b)
Start importing Assets/Art/Guardian using Guid(a13ff8d4ea10fa7459f75355697fd0fa) Importer(815301076,1909f56bfc062723c751e8b465ee728b)  -> (artifact id: 'e57a9fceaeda54bf9db17fd64887fbed') in 0.008197 seconds 
========================================================================
Received Import Request.
  Time since last request: 0.044342 seconds.
  path: Assets/Art/Guardian/Guardian Sprite-Sheet.png
  artifactKey: Guid(4184dca9e1f0a69469b33fa7ff0b6e78) Importer(815301076,1909f56bfc062723c751e8b465ee728b)
Start importing Assets/Art/Guardian/Guardian Sprite-Sheet.png using Guid(4184dca9e1f0a69469b33fa7ff0b6e78) Importer(815301076,1909f56bfc062723c751e8b465ee728b)  -> (artifact id: 'f22f010be9b7b35aea5699dc3eaaf508') in 0.039602 seconds 
========================================================================
Received Import Request.
  Time since last request: 385.523571 seconds.
  path: Assets/Art/Guardian/Ancient Laser Dude.aseprite
  artifactKey: Guid(a533a45d082f9e849b3f87520181417a) Importer(815301076,1909f56bfc062723c751e8b465ee728b)
Start importing Assets/Art/Guardian/Ancient Laser Dude.aseprite using Guid(a533a45d082f9e849b3f87520181417a) Importer(815301076,1909f56bfc062723c751e8b465ee728b)  -> (artifact id: '842332f682c799d3aafb5969b783f0b6') in 0.011835 seconds 
========================================================================
Received Import Request.
  Time since last request: 1286.962592 seconds.
  path: Assets/Art/Bot Wheel
  artifactKey: Guid(a7f86837b1a053741864062d5df1a5ac) Importer(815301076,1909f56bfc062723c751e8b465ee728b)
Start importing Assets/Art/Bot Wheel using Guid(a7f86837b1a053741864062d5df1a5ac) Importer(815301076,1909f56bfc062723c751e8b465ee728b)  -> (artifact id: '2fab285847cb91cd48a24f59f8da6e0d') in 0.007364 seconds 
========================================================================
Received Import Request.
  Time since last request: 0.047678 seconds.
  path: Assets/Art/Bot Wheel/charge.png
  artifactKey: Guid(47f454c8588456240a0284fcc0cb1c15) Importer(815301076,1909f56bfc062723c751e8b465ee728b)
Start importing Assets/Art/Bot Wheel/charge.png using Guid(47f454c8588456240a0284fcc0cb1c15) Importer(815301076,1909f56bfc062723c751e8b465ee728b)  -> (artifact id: '269aa40e13bdb8368826c51857323229') in 0.020642 seconds 
========================================================================
Received Import Request.
  Time since last request: 0.000026 seconds.
  path: Assets/Art/Bot Wheel/death.png
  artifactKey: Guid(50c792392fe9f46489e01a2eb6ca5234) Importer(815301076,1909f56bfc062723c751e8b465ee728b)
Start importing Assets/Art/Bot Wheel/death.png using Guid(50c792392fe9f46489e01a2eb6ca5234) Importer(815301076,1909f56bfc062723c751e8b465ee728b)  -> (artifact id: '955205667d3b6995ecadc777b5229fed') in 0.020349 seconds 
========================================================================
Received Import Request.
  Time since last request: 0.000027 seconds.
  path: Assets/Art/Bot Wheel/hot wheels flatten.gif
  artifactKey: Guid(82bef4beef598a64bbdb43996e1ef271) Importer(815301076,1909f56bfc062723c751e8b465ee728b)
Start importing Assets/Art/Bot Wheel/hot wheels flatten.gif using Guid(82bef4beef598a64bbdb43996e1ef271) Importer(815301076,1909f56bfc062723c751e8b465ee728b)  -> (artifact id: '0173524b2e25df71e5ecfaf033178653') in 0.099469 seconds 
========================================================================
Received Import Request.
  Time since last request: 0.000030 seconds.
  path: Assets/Art/Bot Wheel/shoot FX.png
  artifactKey: Guid(a3c9aa491c83ce64ba5f28acaba57292) Importer(815301076,1909f56bfc062723c751e8b465ee728b)
Start importing Assets/Art/Bot Wheel/shoot FX.png using Guid(a3c9aa491c83ce64ba5f28acaba57292) Importer(815301076,1909f56bfc062723c751e8b465ee728b)  -> (artifact id: 'e3d562cdab8d201869687475a4a728d7') in 0.027756 seconds 
========================================================================
Received Import Request.
  Time since last request: 0.000062 seconds.
  path: Assets/Art/Bot Wheel/wake.png
  artifactKey: Guid(9605aa881a2168843a4f59ee4e12816d) Importer(815301076,1909f56bfc062723c751e8b465ee728b)
Start importing Assets/Art/Bot Wheel/wake.png using Guid(9605aa881a2168843a4f59ee4e12816d) Importer(815301076,1909f56bfc062723c751e8b465ee728b)  -> (artifact id: '0345d7bbbe107ce7f1bfda88ae94326c') in 0.024796 seconds 
========================================================================
Received Import Request.
  Time since last request: 0.000022 seconds.
  path: Assets/Art/Bot Wheel/move with FX.png
  artifactKey: Guid(af0c854672dfd844882165ad64c5ea34) Importer(815301076,1909f56bfc062723c751e8b465ee728b)
Start importing Assets/Art/Bot Wheel/move with FX.png using Guid(af0c854672dfd844882165ad64c5ea34) Importer(815301076,1909f56bfc062723c751e8b465ee728b)  -> (artifact id: '857f424948715486009ed3d8c8f91fac') in 0.024744 seconds 
Editor requested this worker to shutdown with reason: Scaling down because of idle timeout
AssetImportWorker is now disconnected from the server
Process exiting
Exiting without the bug reporter. Application will terminate with return code 0