Using pre-set license
Built from '2021.3/staging' branch; Version is '2021.3.8f1 (b30333d56e81) revision 11731763'; Using compiler version '192829333'; Build Type 'Release'
OS: 'Windows 11  (10.0.22621) 64bit CoreSingleLanguage' Language: 'en' Physical Memory: 16044 MB
BatchMode: 1, IsHumanControllingUs: 0, StartBugReporterOnCrash: 0, Is64bit: 1, IsPro: 1

COMMAND LINE ARGUMENTS:
E:\Unity\Editor\2021.3.8f1\Editor\Unity.exe
-adb2
-batchMode
-noUpm
-name
AssetImportWorker2
-projectPath
E:/Valoz
-logFile
Logs/AssetImportWorker2.log
-srvPort
62022
Successfully changed project path to: E:/Valoz
E:/Valoz
[UnityMemory] Configuration Parameters - Can be set up in boot.config
    "memorysetup-bucket-allocator-granularity=16"
    "memorysetup-bucket-allocator-bucket-count=8"
    "memorysetup-bucket-allocator-block-size=33554432"
    "memorysetup-bucket-allocator-block-count=8"
    "memorysetup-main-allocator-block-size=16777216"
    "memorysetup-thread-allocator-block-size=16777216"
    "memorysetup-gfx-main-allocator-block-size=16777216"
    "memorysetup-gfx-thread-allocator-block-size=16777216"
    "memorysetup-cache-allocator-block-size=4194304"
    "memorysetup-typetree-allocator-block-size=2097152"
    "memorysetup-profiler-bucket-allocator-granularity=16"
    "memorysetup-profiler-bucket-allocator-bucket-count=8"
    "memorysetup-profiler-bucket-allocator-block-size=33554432"
    "memorysetup-profiler-bucket-allocator-block-count=8"
    "memorysetup-profiler-allocator-block-size=16777216"
    "memorysetup-profiler-editor-allocator-block-size=1048576"
    "memorysetup-temp-allocator-size-main=16777216"
    "memorysetup-job-temp-allocator-block-size=2097152"
    "memorysetup-job-temp-allocator-block-size-background=1048576"
    "memorysetup-job-temp-allocator-reduction-small-platforms=262144"
    "memorysetup-temp-allocator-size-background-worker=32768"
    "memorysetup-temp-allocator-size-job-worker=262144"
    "memorysetup-temp-allocator-size-preload-manager=33554432"
    "memorysetup-temp-allocator-size-nav-mesh-worker=65536"
    "memorysetup-temp-allocator-size-audio-worker=65536"
    "memorysetup-temp-allocator-size-cloud-worker=32768"
    "memorysetup-temp-allocator-size-gi-baking-worker=262144"
    "memorysetup-temp-allocator-size-gfx=262144"
Refreshing native plugins compatible for Editor in 62.01 ms, found 4 plugins.
Preloading 0 native plugins for Editor in 0.00 ms.
Initialize engine version: 2021.3.8f1 (b30333d56e81)
[Subsystems] Discovering subsystems at path E:/Unity/Editor/2021.3.8f1/Editor/Data/Resources/UnitySubsystems
[Subsystems] Discovering subsystems at path E:/Valoz/Assets
GfxDevice: creating device client; threaded=0; jobified=0
Direct3D:
    Version:  Direct3D 11.0 [level 11.1]
    Renderer: NVIDIA GeForce RTX 3060 Laptop GPU (ID=0x2520)
    Vendor:   NVIDIA
    VRAM:     6009 MB
    Driver:   31.0.15.3168
Initialize mono
Mono path[0] = 'E:/Unity/Editor/2021.3.8f1/Editor/Data/Managed'
Mono path[1] = 'E:/Unity/Editor/2021.3.8f1/Editor/Data/MonoBleedingEdge/lib/mono/unityjit-win32'
Mono config path = 'E:/Unity/Editor/2021.3.8f1/Editor/Data/MonoBleedingEdge/etc'
Using monoOptions --debugger-agent=transport=dt_socket,embedding=1,server=y,suspend=n,address=127.0.0.1:56304
Begin MonoManager ReloadAssembly
Registering precompiled unity dll's ...
Register platform support module: E:/Unity/Editor/2021.3.8f1/Editor/Data/PlaybackEngines/WebGLSupport/UnityEditor.WebGL.Extensions.dll
Register platform support module: E:/Unity/Editor/2021.3.8f1/Editor/Data/PlaybackEngines/WindowsStandaloneSupport/UnityEditor.WindowsStandalone.Extensions.dll
Registered in 0.002176 seconds.
Native extension for WindowsStandalone target not found
Native extension for WebGL target not found
Refreshing native plugins compatible for Editor in 64.46 ms, found 4 plugins.
Preloading 0 native plugins for Editor in 0.00 ms.
Mono: successfully reloaded assembly
- Completed reload, in  0.428 seconds
Domain Reload Profiling:
	ReloadAssembly (429ms)
		BeginReloadAssembly (47ms)
			ExecutionOrderSort (0ms)
			DisableScriptedObjects (0ms)
			BackupInstance (0ms)
			ReleaseScriptingObjects (0ms)
			CreateAndSetChildDomain (1ms)
		EndReloadAssembly (310ms)
			LoadAssemblies (46ms)
			RebuildTransferFunctionScriptingTraits (0ms)
			SetupTypeCache (73ms)
			ReleaseScriptCaches (0ms)
			RebuildScriptCaches (19ms)
			SetupLoadedEditorAssemblies (185ms)
				LogAssemblyErrors (0ms)
				InitializePlatformSupportModulesInManaged (5ms)
				SetLoadedEditorAssemblies (0ms)
				RefreshPlugins (65ms)
				BeforeProcessingInitializeOnLoad (1ms)
				ProcessInitializeOnLoadAttributes (80ms)
				ProcessInitializeOnLoadMethodAttributes (33ms)
				AfterProcessingInitializeOnLoad (0ms)
				EditorAssembliesLoaded (0ms)
			ExecutionOrderSort2 (0ms)
			AwakeInstancesAfterBackupRestoration (0ms)
Platform modules already initialized, skipping
Registering precompiled user dll's ...
Registered in 0.003524 seconds.
Begin MonoManager ReloadAssembly
Symbol file LoadedFromMemory doesn't match image E:\Valoz\Library\PackageCache\com.unity.visualscripting@1.7.8\Editor\VisualScripting.Core\Dependencies\YamlDotNet\Unity.VisualScripting.YamlDotNet.dll
Symbol file LoadedFromMemory doesn't match image E:\Valoz\Library\PackageCache\com.unity.visualscripting@1.7.8\Editor\VisualScripting.Core\Dependencies\DotNetZip\Unity.VisualScripting.IonicZip.dll
Native extension for WindowsStandalone target not found
Native extension for WebGL target not found
Refreshing native plugins compatible for Editor in 56.97 ms, found 4 plugins.
Preloading 0 native plugins for Editor in 0.00 ms.
Mono: successfully reloaded assembly
- Completed reload, in  0.743 seconds
Domain Reload Profiling:
	ReloadAssembly (744ms)
		BeginReloadAssembly (67ms)
			ExecutionOrderSort (0ms)
			DisableScriptedObjects (3ms)
			BackupInstance (0ms)
			ReleaseScriptingObjects (0ms)
			CreateAndSetChildDomain (13ms)
		EndReloadAssembly (599ms)
			LoadAssemblies (51ms)
			RebuildTransferFunctionScriptingTraits (0ms)
			SetupTypeCache (179ms)
			ReleaseScriptCaches (0ms)
			RebuildScriptCaches (37ms)
			SetupLoadedEditorAssemblies (287ms)
				LogAssemblyErrors (0ms)
				InitializePlatformSupportModulesInManaged (3ms)
				SetLoadedEditorAssemblies (0ms)
				RefreshPlugins (57ms)
				BeforeProcessingInitializeOnLoad (56ms)
				ProcessInitializeOnLoadAttributes (139ms)
				ProcessInitializeOnLoadMethodAttributes (29ms)
				AfterProcessingInitializeOnLoad (2ms)
				EditorAssembliesLoaded (0ms)
			ExecutionOrderSort2 (0ms)
			AwakeInstancesAfterBackupRestoration (8ms)
Platform modules already initialized, skipping
========================================================================
Worker process is ready to serve import requests
Launched and connected shader compiler UnityShaderCompiler.exe after 0.03 seconds
Refreshing native plugins compatible for Editor in 0.60 ms, found 4 plugins.
Preloading 0 native plugins for Editor in 0.00 ms.
Unloading 4066 Unused Serialized files (Serialized files now loaded: 0)
Unloading 44 unused Assets / (222.5 KB). Loaded Objects now: 4516.
Memory consumption went from 151.3 MB to 151.1 MB.
Total: 2.887100 ms (FindLiveObjects: 0.196300 ms CreateObjectMapping: 0.109700 ms MarkObjects: 2.453900 ms  DeleteObjects: 0.126200 ms)

AssetImportParameters requested are different than current active one (requested -> active):
  custom:video-decoder-ogg-theora: a1e56fd34408186e4bbccfd4996cb3dc -> 
  custom:container-muxer-webm: aa71ff27fc2769a1b78a27578f13a17b -> 
  custom:container-demuxer-webm: 4f35f7cbe854078d1ac9338744f61a02 -> 
  custom:video-encoder-webm-vp8: eb34c28f22e8b96e1ab97ce403110664 -> 
  custom:video-codec-MediaFoundation-h265: 746d11721c4dcdbdad8f713fa42b33f4 -> 
  custom:audio-encoder-webm-vorbis: bf7c407c2cedff20999df2af8eb42d56 -> 
  custom:framework-win-MediaFoundation: 216162199b28c13a410421893ffa2e32 -> 
  custom:container-demuxer-ogg: 62fdf1f143b41e24485cea50d1cbac27 -> 
  custom:video-decoder-webm-vp8: 9c59270c3fd7afecdb556c50c9e8de78 -> 
  custom:audio-decoder-ogg-vorbis: bf7c407c2cedff20999df2af8eb42d56 -> 
========================================================================
Received Import Request.
  Time since last request: 436389.104606 seconds.
  path: Assets/Art/Pixel Crawler - FREE - 1.8/Heroes
  artifactKey: Guid(bcbd8b7b77bf6ed41980afe86dff5473) Importer(815301076,1909f56bfc062723c751e8b465ee728b)
Start importing Assets/Art/Pixel Crawler - FREE - 1.8/Heroes using Guid(bcbd8b7b77bf6ed41980afe86dff5473) Importer(815301076,1909f56bfc062723c751e8b465ee728b)  -> (artifact id: '0d2f57e0002eeb811fab6411e1d09a9c') in 0.013367 seconds 
========================================================================
Received Import Request.
  Time since last request: 66.429720 seconds.
  path: Assets/Scripts
  artifactKey: Guid(009ce9eecee3f034b9d48c1a1eda801c) Importer(815301076,1909f56bfc062723c751e8b465ee728b)
Start importing Assets/Scripts using Guid(009ce9eecee3f034b9d48c1a1eda801c) Importer(815301076,1909f56bfc062723c751e8b465ee728b)  -> (artifact id: '80c0c9c0165331b7fc47603490658a09') in 0.007716 seconds 
========================================================================
Received Import Request.
  Time since last request: 27.653112 seconds.
  path: Assets/Art/Bot Wheel/damaged.png
  artifactKey: Guid(6a9cb181e7733dd44a1466c73430800d) Importer(815301076,1909f56bfc062723c751e8b465ee728b)
Start importing Assets/Art/Bot Wheel/damaged.png using Guid(6a9cb181e7733dd44a1466c73430800d) Importer(815301076,1909f56bfc062723c751e8b465ee728b)  -> (artifact id: '7da435647d263577abb283e7f94ed29b') in 0.052635 seconds 
========================================================================
Received Import Request.
  Time since last request: 21.647809 seconds.
  path: Assets/Art/Bot Wheel/damaged.png
  artifactKey: Guid(6a9cb181e7733dd44a1466c73430800d) Importer(815301076,1909f56bfc062723c751e8b465ee728b)
Start importing Assets/Art/Bot Wheel/damaged.png using Guid(6a9cb181e7733dd44a1466c73430800d) Importer(815301076,1909f56bfc062723c751e8b465ee728b)  -> (artifact id: '1c43e8d74fd5a63b4fb642f5314df56d') in 0.047360 seconds 
========================================================================
Received Import Request.
  Time since last request: 11.404742 seconds.
  path: Assets/Art/Bot Wheel/damaged.png
  artifactKey: Guid(6a9cb181e7733dd44a1466c73430800d) Importer(815301076,1909f56bfc062723c751e8b465ee728b)
Start importing Assets/Art/Bot Wheel/damaged.png using Guid(6a9cb181e7733dd44a1466c73430800d) Importer(815301076,1909f56bfc062723c751e8b465ee728b)  -> (artifact id: '2387ffc53b490e6e870fbb1a05733f05') in 0.011201 seconds 
========================================================================
Received Import Request.
  Time since last request: 28.945953 seconds.
  path: Assets/Art/Bot Wheel/death.png
  artifactKey: Guid(50c792392fe9f46489e01a2eb6ca5234) Importer(815301076,1909f56bfc062723c751e8b465ee728b)
Start importing Assets/Art/Bot Wheel/death.png using Guid(50c792392fe9f46489e01a2eb6ca5234) Importer(815301076,1909f56bfc062723c751e8b465ee728b)  -> (artifact id: '28260d79ae09a6aef5b513dc8aa6d599') in 0.016395 seconds 
========================================================================
Received Import Request.
  Time since last request: 30.767364 seconds.
  path: Assets/Art/Bot Wheel/death.png
  artifactKey: Guid(50c792392fe9f46489e01a2eb6ca5234) Importer(815301076,1909f56bfc062723c751e8b465ee728b)
Start importing Assets/Art/Bot Wheel/death.png using Guid(50c792392fe9f46489e01a2eb6ca5234) Importer(815301076,1909f56bfc062723c751e8b465ee728b)  -> (artifact id: '9e697faaabc47028d480673b7e67aa5d') in 0.039061 seconds 
========================================================================
Received Import Request.
  Time since last request: 19.687222 seconds.
  path: Assets/Art/Bot Wheel/GAS dash FX.png
  artifactKey: Guid(32a0dc6bfd58bdc4a9c9f180a5f9defd) Importer(815301076,1909f56bfc062723c751e8b465ee728b)
Start importing Assets/Art/Bot Wheel/GAS dash FX.png using Guid(32a0dc6bfd58bdc4a9c9f180a5f9defd) Importer(815301076,1909f56bfc062723c751e8b465ee728b)  -> (artifact id: '8637fa797076bfaa41ee9a5735c66da8') in 0.013127 seconds 
========================================================================
Received Import Request.
  Time since last request: 78.687237 seconds.
  path: Assets/Art/Bot Wheel/GAS dash FX.png
  artifactKey: Guid(32a0dc6bfd58bdc4a9c9f180a5f9defd) Importer(815301076,1909f56bfc062723c751e8b465ee728b)
Start importing Assets/Art/Bot Wheel/GAS dash FX.png using Guid(32a0dc6bfd58bdc4a9c9f180a5f9defd) Importer(815301076,1909f56bfc062723c751e8b465ee728b)  -> (artifact id: '2c53d0552e9ef0c8a908874af9222b2f') in 0.029652 seconds 
========================================================================
Received Import Request.
  Time since last request: 72.116253 seconds.
  path: Assets/Art/Bot Wheel/GAS dash with FX.png
  artifactKey: Guid(b88ebf3d0bdc7304e9718ce01111dc93) Importer(815301076,1909f56bfc062723c751e8b465ee728b)
Start importing Assets/Art/Bot Wheel/GAS dash with FX.png using Guid(b88ebf3d0bdc7304e9718ce01111dc93) Importer(815301076,1909f56bfc062723c751e8b465ee728b)  -> (artifact id: '00912864c33ec59a15429d869685e364') in 0.014008 seconds 
========================================================================
Received Import Request.
  Time since last request: 4.630088 seconds.
  path: Assets/Art/Bot Wheel/GAS dash with FX.png
  artifactKey: Guid(b88ebf3d0bdc7304e9718ce01111dc93) Importer(815301076,1909f56bfc062723c751e8b465ee728b)
Start importing Assets/Art/Bot Wheel/GAS dash with FX.png using Guid(b88ebf3d0bdc7304e9718ce01111dc93) Importer(815301076,1909f56bfc062723c751e8b465ee728b)  -> (artifact id: 'c69aecd81d3ee215565109ed14130fbd') in 0.042871 seconds 
========================================================================
Received Import Request.
  Time since last request: 30.848416 seconds.
  path: Assets/Art/Bot Wheel/hot wheels flatten.gif
  artifactKey: Guid(82bef4beef598a64bbdb43996e1ef271) Importer(815301076,1909f56bfc062723c751e8b465ee728b)
Start importing Assets/Art/Bot Wheel/hot wheels flatten.gif using Guid(82bef4beef598a64bbdb43996e1ef271) Importer(815301076,1909f56bfc062723c751e8b465ee728b)  -> (artifact id: '0998e52b4173b99fee5348913a6c08fd') in 0.038828 seconds 
========================================================================
Received Import Request.
  Time since last request: 14.048832 seconds.
  path: Assets/Art/Bot Wheel/hot wheels flatten.gif
  artifactKey: Guid(82bef4beef598a64bbdb43996e1ef271) Importer(815301076,1909f56bfc062723c751e8b465ee728b)
Start importing Assets/Art/Bot Wheel/hot wheels flatten.gif using Guid(82bef4beef598a64bbdb43996e1ef271) Importer(815301076,1909f56bfc062723c751e8b465ee728b)  -> (artifact id: '3242eb021dc30a3df82448645ab21c77') in 0.091335 seconds 
========================================================================
Received Import Request.
  Time since last request: 113.863824 seconds.
  path: Assets/Art/Bot Wheel/hot wheels small.gif
  artifactKey: Guid(557a0bfd7c5f4354db9e476c5c3f0d65) Importer(815301076,1909f56bfc062723c751e8b465ee728b)
Start importing Assets/Art/Bot Wheel/hot wheels small.gif using Guid(557a0bfd7c5f4354db9e476c5c3f0d65) Importer(815301076,1909f56bfc062723c751e8b465ee728b)  -> (artifact id: '0a23111eb4763f58857b9aa6776423ca') in 0.019917 seconds 
========================================================================
Received Import Request.
  Time since last request: 16.367281 seconds.
  path: Assets/Art/Bot Wheel/hot wheels small.gif
  artifactKey: Guid(557a0bfd7c5f4354db9e476c5c3f0d65) Importer(815301076,1909f56bfc062723c751e8b465ee728b)
Start importing Assets/Art/Bot Wheel/hot wheels small.gif using Guid(557a0bfd7c5f4354db9e476c5c3f0d65) Importer(815301076,1909f56bfc062723c751e8b465ee728b)  -> (artifact id: 'a18ec313f7f27c3a0944fd2d24de36d6') in 0.031700 seconds 
