Using pre-set license
Built from '2021.3/staging' branch; Version is '2021.3.8f1 (b30333d56e81) revision 11731763'; Using compiler version '192829333'; Build Type 'Release'
OS: 'Windows 11  (10.0.22621) 64bit CoreSingleLanguage' Language: 'en' Physical Memory: 16044 MB
BatchMode: 1, IsHumanControllingUs: 0, StartBugReporterOnCrash: 0, Is64bit: 1, IsPro: 1

COMMAND LINE ARGUMENTS:
E:\Unity\Editor\2021.3.8f1\Editor\Unity.exe
-adb2
-batchMode
-noUpm
-name
AssetImportWorker1
-projectPath
E:/Valoz/Valoz
-logFile
Logs/AssetImportWorker1.log
-srvPort
61309
Successfully changed project path to: E:/Valoz/Valoz
E:/Valoz/Valoz
[UnityMemory] Configuration Parameters - Can be set up in boot.config
    "memorysetup-bucket-allocator-granularity=16"
    "memorysetup-bucket-allocator-bucket-count=8"
    "memorysetup-bucket-allocator-block-size=33554432"
    "memorysetup-bucket-allocator-block-count=8"
    "memorysetup-main-allocator-block-size=16777216"
    "memorysetup-thread-allocator-block-size=16777216"
    "memorysetup-gfx-main-allocator-block-size=16777216"
    "memorysetup-gfx-thread-allocator-block-size=16777216"
    "memorysetup-cache-allocator-block-size=4194304"
    "memorysetup-typetree-allocator-block-size=2097152"
    "memorysetup-profiler-bucket-allocator-granularity=16"
    "memorysetup-profiler-bucket-allocator-bucket-count=8"
    "memorysetup-profiler-bucket-allocator-block-size=33554432"
    "memorysetup-profiler-bucket-allocator-block-count=8"
    "memorysetup-profiler-allocator-block-size=16777216"
    "memorysetup-profiler-editor-allocator-block-size=1048576"
    "memorysetup-temp-allocator-size-main=16777216"
    "memorysetup-job-temp-allocator-block-size=2097152"
    "memorysetup-job-temp-allocator-block-size-background=1048576"
    "memorysetup-job-temp-allocator-reduction-small-platforms=262144"
    "memorysetup-temp-allocator-size-background-worker=32768"
    "memorysetup-temp-allocator-size-job-worker=262144"
    "memorysetup-temp-allocator-size-preload-manager=33554432"
    "memorysetup-temp-allocator-size-nav-mesh-worker=65536"
    "memorysetup-temp-allocator-size-audio-worker=65536"
    "memorysetup-temp-allocator-size-cloud-worker=32768"
    "memorysetup-temp-allocator-size-gi-baking-worker=262144"
    "memorysetup-temp-allocator-size-gfx=262144"
Refreshing native plugins compatible for Editor in 62.52 ms, found 4 plugins.
Preloading 0 native plugins for Editor in 0.00 ms.
Initialize engine version: 2021.3.8f1 (b30333d56e81)
[Subsystems] Discovering subsystems at path E:/Unity/Editor/2021.3.8f1/Editor/Data/Resources/UnitySubsystems
[Subsystems] Discovering subsystems at path E:/Valoz/Valoz/Assets
GfxDevice: creating device client; threaded=0; jobified=0
Direct3D:
    Version:  Direct3D 11.0 [level 11.1]
    Renderer: NVIDIA GeForce RTX 3060 Laptop GPU (ID=0x2520)
    Vendor:   NVIDIA
    VRAM:     6009 MB
    Driver:   31.0.15.3168
Initialize mono
Mono path[0] = 'E:/Unity/Editor/2021.3.8f1/Editor/Data/Managed'
Mono path[1] = 'E:/Unity/Editor/2021.3.8f1/Editor/Data/MonoBleedingEdge/lib/mono/unityjit-win32'
Mono config path = 'E:/Unity/Editor/2021.3.8f1/Editor/Data/MonoBleedingEdge/etc'
Using monoOptions --debugger-agent=transport=dt_socket,embedding=1,server=y,suspend=n,address=127.0.0.1:56844
Begin MonoManager ReloadAssembly
Registering precompiled unity dll's ...
Register platform support module: E:/Unity/Editor/2021.3.8f1/Editor/Data/PlaybackEngines/WebGLSupport/UnityEditor.WebGL.Extensions.dll
Register platform support module: E:/Unity/Editor/2021.3.8f1/Editor/Data/PlaybackEngines/WindowsStandaloneSupport/UnityEditor.WindowsStandalone.Extensions.dll
Registered in 0.001670 seconds.
Native extension for WindowsStandalone target not found
Native extension for WebGL target not found
Refreshing native plugins compatible for Editor in 57.88 ms, found 4 plugins.
Preloading 0 native plugins for Editor in 0.00 ms.
Mono: successfully reloaded assembly
- Completed reload, in  0.414 seconds
Domain Reload Profiling:
	ReloadAssembly (415ms)
		BeginReloadAssembly (46ms)
			ExecutionOrderSort (0ms)
			DisableScriptedObjects (0ms)
			BackupInstance (0ms)
			ReleaseScriptingObjects (0ms)
			CreateAndSetChildDomain (1ms)
		EndReloadAssembly (302ms)
			LoadAssemblies (45ms)
			RebuildTransferFunctionScriptingTraits (0ms)
			SetupTypeCache (69ms)
			ReleaseScriptCaches (0ms)
			RebuildScriptCaches (18ms)
			SetupLoadedEditorAssemblies (182ms)
				LogAssemblyErrors (0ms)
				InitializePlatformSupportModulesInManaged (5ms)
				SetLoadedEditorAssemblies (0ms)
				RefreshPlugins (58ms)
				BeforeProcessingInitializeOnLoad (1ms)
				ProcessInitializeOnLoadAttributes (82ms)
				ProcessInitializeOnLoadMethodAttributes (36ms)
				AfterProcessingInitializeOnLoad (0ms)
				EditorAssembliesLoaded (0ms)
			ExecutionOrderSort2 (0ms)
			AwakeInstancesAfterBackupRestoration (0ms)
Platform modules already initialized, skipping
Registering precompiled user dll's ...
Registered in 0.005509 seconds.
Begin MonoManager ReloadAssembly
Symbol file LoadedFromMemory doesn't match image E:\Valoz\Valoz\Library\PackageCache\com.unity.visualscripting@1.7.8\Editor\VisualScripting.Core\Dependencies\YamlDotNet\Unity.VisualScripting.YamlDotNet.dll
Symbol file LoadedFromMemory doesn't match image E:\Valoz\Valoz\Library\PackageCache\com.unity.visualscripting@1.7.8\Editor\VisualScripting.Core\Dependencies\DotNetZip\Unity.VisualScripting.IonicZip.dll
Native extension for WindowsStandalone target not found
Native extension for WebGL target not found
Refreshing native plugins compatible for Editor in 56.31 ms, found 4 plugins.
Preloading 0 native plugins for Editor in 0.00 ms.
Mono: successfully reloaded assembly
- Completed reload, in  0.726 seconds
Domain Reload Profiling:
	ReloadAssembly (726ms)
		BeginReloadAssembly (72ms)
			ExecutionOrderSort (0ms)
			DisableScriptedObjects (5ms)
			BackupInstance (0ms)
			ReleaseScriptingObjects (0ms)
			CreateAndSetChildDomain (13ms)
		EndReloadAssembly (582ms)
			LoadAssemblies (60ms)
			RebuildTransferFunctionScriptingTraits (0ms)
			SetupTypeCache (157ms)
			ReleaseScriptCaches (0ms)
			RebuildScriptCaches (36ms)
			SetupLoadedEditorAssemblies (299ms)
				LogAssemblyErrors (0ms)
				InitializePlatformSupportModulesInManaged (3ms)
				SetLoadedEditorAssemblies (0ms)
				RefreshPlugins (56ms)
				BeforeProcessingInitializeOnLoad (58ms)
				ProcessInitializeOnLoadAttributes (151ms)
				ProcessInitializeOnLoadMethodAttributes (28ms)
				AfterProcessingInitializeOnLoad (3ms)
				EditorAssembliesLoaded (0ms)
			ExecutionOrderSort2 (0ms)
			AwakeInstancesAfterBackupRestoration (4ms)
Platform modules already initialized, skipping
========================================================================
Worker process is ready to serve import requests
Launched and connected shader compiler UnityShaderCompiler.exe after 0.04 seconds
Refreshing native plugins compatible for Editor in 0.56 ms, found 4 plugins.
Preloading 0 native plugins for Editor in 0.00 ms.
Unloading 4066 Unused Serialized files (Serialized files now loaded: 0)
Unloading 44 unused Assets / (222.5 KB). Loaded Objects now: 4516.
Memory consumption went from 151.3 MB to 151.1 MB.
Total: 2.633000 ms (FindLiveObjects: 0.237200 ms CreateObjectMapping: 0.103400 ms MarkObjects: 2.173200 ms  DeleteObjects: 0.118300 ms)

AssetImportParameters requested are different than current active one (requested -> active):
  custom:video-decoder-ogg-theora: a1e56fd34408186e4bbccfd4996cb3dc -> 
  custom:container-muxer-webm: aa71ff27fc2769a1b78a27578f13a17b -> 
  custom:container-demuxer-webm: 4f35f7cbe854078d1ac9338744f61a02 -> 
  custom:video-encoder-webm-vp8: eb34c28f22e8b96e1ab97ce403110664 -> 
  custom:video-codec-MediaFoundation-h265: 746d11721c4dcdbdad8f713fa42b33f4 -> 
  custom:audio-encoder-webm-vorbis: bf7c407c2cedff20999df2af8eb42d56 -> 
  custom:framework-win-MediaFoundation: 216162199b28c13a410421893ffa2e32 -> 
  custom:container-demuxer-ogg: 62fdf1f143b41e24485cea50d1cbac27 -> 
  custom:video-decoder-webm-vp8: 9c59270c3fd7afecdb556c50c9e8de78 -> 
  custom:audio-decoder-ogg-vorbis: bf7c407c2cedff20999df2af8eb42d56 -> 
========================================================================
Received Import Request.
  Time since last request: 429378.523997 seconds.
  path: Assets/Art/Pixel Crawler - FREE - 1.8/Environment/Dungeon Prison/Assets/Tiles.png
  artifactKey: Guid(e21271af3d2cdc445a8bb805d4ca20b7) Importer(815301076,1909f56bfc062723c751e8b465ee728b)
Start importing Assets/Art/Pixel Crawler - FREE - 1.8/Environment/Dungeon Prison/Assets/Tiles.png using Guid(e21271af3d2cdc445a8bb805d4ca20b7) Importer(815301076,1909f56bfc062723c751e8b465ee728b)  -> (artifact id: '218cc493f29efb9196076babd4fe254e') in 0.097743 seconds 
========================================================================
Received Import Request.
  Time since last request: 122.058987 seconds.
  path: Assets/Art/Guardian/Guardian.gif
  artifactKey: Guid(df7562eb0b0757f4187274baf9fe5f16) Importer(815301076,1909f56bfc062723c751e8b465ee728b)
Start importing Assets/Art/Guardian/Guardian.gif using Guid(df7562eb0b0757f4187274baf9fe5f16) Importer(815301076,1909f56bfc062723c751e8b465ee728b)  -> (artifact id: 'b563ad85421987575c82afcf3fb7f5d6') in 0.019256 seconds 
========================================================================
Received Import Request.
  Time since last request: 1672.596066 seconds.
  path: Assets/Art/Bot Wheel/damaged.png
  artifactKey: Guid(6a9cb181e7733dd44a1466c73430800d) Importer(815301076,1909f56bfc062723c751e8b465ee728b)
Start importing Assets/Art/Bot Wheel/damaged.png using Guid(6a9cb181e7733dd44a1466c73430800d) Importer(815301076,1909f56bfc062723c751e8b465ee728b)  -> (artifact id: '2552415e17cfdf01a056124230dc78e1') in 0.021689 seconds 
========================================================================
Received Import Request.
  Time since last request: 0.000039 seconds.
  path: Assets/Art/Bot Wheel/hot wheels small.gif
  artifactKey: Guid(557a0bfd7c5f4354db9e476c5c3f0d65) Importer(815301076,1909f56bfc062723c751e8b465ee728b)
Start importing Assets/Art/Bot Wheel/hot wheels small.gif using Guid(557a0bfd7c5f4354db9e476c5c3f0d65) Importer(815301076,1909f56bfc062723c751e8b465ee728b)  -> (artifact id: '13df71669252349625de945511d314c1') in 0.022601 seconds 
========================================================================
Received Import Request.
  Time since last request: 0.000018 seconds.
  path: Assets/Art/Bot Wheel/static idle.png
  artifactKey: Guid(ec71f11a37dbfe849bf468c3ac14fd11) Importer(815301076,1909f56bfc062723c751e8b465ee728b)
Start importing Assets/Art/Bot Wheel/static idle.png using Guid(ec71f11a37dbfe849bf468c3ac14fd11) Importer(815301076,1909f56bfc062723c751e8b465ee728b)  -> (artifact id: '27191c488c04418ca8ba823a352f13b0') in 0.026804 seconds 
========================================================================
Received Import Request.
  Time since last request: 0.000027 seconds.
  path: Assets/Art/Bot Wheel/move FX.png
  artifactKey: Guid(32a06f529efd6224492457687e8234df) Importer(815301076,1909f56bfc062723c751e8b465ee728b)
Start importing Assets/Art/Bot Wheel/move FX.png using Guid(32a06f529efd6224492457687e8234df) Importer(815301076,1909f56bfc062723c751e8b465ee728b)  -> (artifact id: 'e9fcda5216384dc1087e60c3005e1cae') in 0.025403 seconds 
========================================================================
Received Import Request.
  Time since last request: 0.000021 seconds.
  path: Assets/Art/Bot Wheel/move without FX.png
  artifactKey: Guid(786cb99da17799243b3802bd94ec6934) Importer(815301076,1909f56bfc062723c751e8b465ee728b)
Start importing Assets/Art/Bot Wheel/move without FX.png using Guid(786cb99da17799243b3802bd94ec6934) Importer(815301076,1909f56bfc062723c751e8b465ee728b)  -> (artifact id: '5ecc33f0e4b4d84303f824eb0cc58247') in 0.015809 seconds 
========================================================================
Received Import Request.
  Time since last request: 0.000050 seconds.
  path: Assets/Art/Bot Wheel/shoot without FX.png
  artifactKey: Guid(6ddb4439161bf4e468e089fc571e90fe) Importer(815301076,1909f56bfc062723c751e8b465ee728b)
Start importing Assets/Art/Bot Wheel/shoot without FX.png using Guid(6ddb4439161bf4e468e089fc571e90fe) Importer(815301076,1909f56bfc062723c751e8b465ee728b)  -> (artifact id: '2b1183ec10fb5ee04130a7cc83d16e8c') in 0.024014 seconds 
========================================================================
Received Import Request.
  Time since last request: 0.000044 seconds.
  path: Assets/Art/Bot Wheel/GAS dash with FX.png
  artifactKey: Guid(b88ebf3d0bdc7304e9718ce01111dc93) Importer(815301076,1909f56bfc062723c751e8b465ee728b)
Start importing Assets/Art/Bot Wheel/GAS dash with FX.png using Guid(b88ebf3d0bdc7304e9718ce01111dc93) Importer(815301076,1909f56bfc062723c751e8b465ee728b)  -> (artifact id: '79c2ee31f4a04936126229a0d2cf0a85') in 0.025719 seconds 
========================================================================
Received Import Request.
  Time since last request: 0.000031 seconds.
  path: Assets/Art/Bot Wheel/GAS dash FX.png
  artifactKey: Guid(32a0dc6bfd58bdc4a9c9f180a5f9defd) Importer(815301076,1909f56bfc062723c751e8b465ee728b)
Start importing Assets/Art/Bot Wheel/GAS dash FX.png using Guid(32a0dc6bfd58bdc4a9c9f180a5f9defd) Importer(815301076,1909f56bfc062723c751e8b465ee728b)  -> (artifact id: '5c0c16c34b59f324cc5f58cca85ed5ce') in 0.024731 seconds 
========================================================================
Received Import Request.
  Time since last request: 0.000080 seconds.
  path: Assets/Art/Bot Wheel/shoot with FX.png
  artifactKey: Guid(8e7601da3dd6f4f44a4ea6729e5160ad) Importer(815301076,1909f56bfc062723c751e8b465ee728b)
Start importing Assets/Art/Bot Wheel/shoot with FX.png using Guid(8e7601da3dd6f4f44a4ea6729e5160ad) Importer(815301076,1909f56bfc062723c751e8b465ee728b)  -> (artifact id: '6158e6965bf10de202e65a4423931a6c') in 0.020280 seconds 
Editor requested this worker to shutdown with reason: Scaling down because of idle timeout
AssetImportWorker is now disconnected from the server
Process exiting
Exiting without the bug reporter. Application will terminate with return code 0